Copyright (c) 2000-2012 by George Williams.
 Executable based on sources from 14:57 GMT 31-Jul-2012.
 Library based on sources from 14:57 GMT 31-Jul-2012.
The following table(s) in the font have been ignored by FontForge
  Ignoring 'DSIG' digital signature table
  Ignoring 'LTSH' linear threshold table
  Ignoring 'VDMX' vertical device metrics table
  Ignoring 'hdmx' horizontal device metrics table
Warning: Mac and Windows entries in the 'name' table differ for the
  Version string in the language English (US)
  Mac String: Version 1.01
  Windows String: Version 1.00
Glyph 61 is called ".notdef", a singularly inept choice of name (only glyph 0
  may be called .notdef)
  FontForge will rename it.
The glyph named currency is mapped to U+20AC.
  But its name indicates it should be mapped to U+00A4.
The glyph named macron is mapped to U+02C9.
  But its name indicates it should be mapped to U+00AF.
Copyright (c) 2000-2012 by George Williams.
 Executable based on sources from 14:57 GMT 31-Jul-2012.
 Library based on sources from 14:57 GMT 31-Jul-2012.
Copyright (c) 2000-2012 by George Williams.
 Executable based on sources from 14:57 GMT 31-Jul-2012.
 Library based on sources from 14:57 GMT 31-Jul-2012.
Copyright (c) 2000-2012 by George Williams.
 Executable based on sources from 14:57 GMT 31-Jul-2012.
 Library based on sources from 14:57 GMT 31-Jul-2012.
Copyright (c) 2000-2012 by George Williams.
 Executable based on sources from 14:57 GMT 31-Jul-2012.
 Library based on sources from 14:57 GMT 31-Jul-2012.
Copyright (c) 2000-2012 by George Williams.
 Executable based on sources from 14:57 GMT 31-Jul-2012.
 Library based on sources from 14:57 GMT 31-Jul-2012.
The following table(s) in the font have been ignored by FontForge
  Ignoring 'TTFA'
The glyph named ka is mapped to U+1000.
  But its name indicates it should be mapped to U+043A.
The glyph named kha is mapped to U+1001.
  But its name indicates it should be mapped to U+0445.
The glyph named ya is mapped to U+101A.
  But its name indicates it should be mapped to U+044F.
The glyph named ha is mapped to U+101F.
  But its name indicates it should be mapped to U+0445.
The glyph named ii is mapped to U+1024.
  But its name indicates it should be mapped to U+0438.
Copyright (c) 2000-2012 by George Williams.
 Executable based on sources from 14:57 GMT 31-Jul-2012.
 Library based on sources from 14:57 GMT 31-Jul-2012.
The following table(s) in the font have been ignored by FontForge
  Ignoring 'TTFA'
The glyph named ka is mapped to U+1000.
  But its name indicates it should be mapped to U+043A.
The glyph named kha is mapped to U+1001.
  But its name indicates it should be mapped to U+0445.
The glyph named ya is mapped to U+101A.
  But its name indicates it should be mapped to U+044F.
The glyph named ha is mapped to U+101F.
  But its name indicates it should be mapped to U+0445.
The glyph named ii is mapped to U+1024.
  But its name indicates it should be mapped to U+0438.
Copyright (c) 2000-2012 by George Williams.
 Executable based on sources from 14:57 GMT 31-Jul-2012.
 Library based on sources from 14:57 GMT 31-Jul-2012.
The following table(s) in the font have been ignored by FontForge
  Ignoring 'LTSH' linear threshold table
  Ignoring 'VDMX' vertical device metrics table
  Ignoring 'hdmx' horizontal device metrics table
Warning: Mac and Windows entries in the 'name' table differ for the
  Fullname string in the language English (US)
  Mac String: SolaimanLipi Bold
  Windows String: SolaimanLipi-Bold
The glyph named mu is mapped to U+00B5.
  But its name indicates it should be mapped to U+03BC.
Copyright (c) 2000-2012 by George Williams.
 Executable based on sources from 14:57 GMT 31-Jul-2012.
 Library based on sources from 14:57 GMT 31-Jul-2012.
The following table(s) in the font have been ignored by FontForge
  Ignoring 'LTSH' linear threshold table
  Ignoring 'VDMX' vertical device metrics table
  Ignoring 'hdmx' horizontal device metrics table
Warning: Mac string is a subset of the Windows string in the 'name' table
  for the Fullname string in the English (US) language.
The glyph named mu is mapped to U+00B5.
  But its name indicates it should be mapped to U+03BC.
