*** AION: INCLUDE aion_common
*** AION: BEGIN aion_3s_strongs.sh
#!/usr/local/bin/php
*** AION: SUCCESS! CSV(./aion_strongs/Viz-Strongs.csv) lines=14298 array=14298
*** AION: VIZ ./aion_strongs/Hebrew_Lexicon_Strongs.txt ROWS=8674
*** AION: VIZ ./aion_strongs/Hebrew_Lexicon_Strongs_Index.json
*** AION: VIZ ./aion_strongs/Greek_Lexicon_Strongs.txt ROWS=5523
*** AION: VIZ ./aion_strongs/Greek_Lexicon_Strongs_Index.json
*** AION: SUCCESS! COD(./aion_strongs/TEHMC - Tyndale Expansion of Hebrew Morphhology Codes - STEPBible.org CC BY.txt) lines=4392 array=844
*** AION: SUCCESS! GET	./aion_strongs/TBESH - Tyndale Brief lexicon of Extended Strongs for Hebrew - STEPBible.org CC BY.txt lines=9346 array=9346
*** AION: SUCCESS! GET	./aion_strongs/TOTHT - Tyndale OT Hebrew Tagged text Gen-Deu - TyndaleHouse.com STEPBible.org CC BY-NC.txt lines=80061 array=80060
*** AION: SUCCESS! GET	./aion_strongs/TOTHT - Tyndale OT Hebrew Tagged text Jos-Est - TyndaleHouse.com STEPBible.org CC BY-NC.txt lines=107634 array=107633
*** AION: SUCCESS! GET	./aion_strongs/TOTHT - Tyndale OT Hebrew Tagged text Job-Sng - TyndaleHouse.com STEPBible.org CC BY-NC.txt lines=39295 array=39294
*** AION: SUCCESS! GET	./aion_strongs/TOTHT - Tyndale OT Hebrew Tagged text Isa-Mal - TyndaleHouse.com STEPBible.org CC BY-NC.txt lines=79835 array=79834
*** AION: HEBREW ./aion_strongs/Hebrew_Morphhology.json ROWS=844
*** AION: HEBREW ./aion_strongs/Hebrew_Lexicon_Tyndale.txt ROWS=9346
*** AION: WARN! FIX_REF	Hebrew	ref='Gen.30.11-03q'	word='בָּ֣א/ /גָ֑ד'	morph='HVqp3ms//Ncbsa'	strongs='H935=בּוֹא=to come (in)_§1_come|go_in/_/H1409=גָּד=fortune' Divided word found in 'Q' entry will be challenge to display!
Array
(
    [REF] => Gen.30.11-03q
    [ACCENTS] => בָּ֣א/ /גָ֑ד
    [MORPH] => HVqp3ms//Ncbsa
    [STRONGS] => H935=בּוֹא=to come (in)_§1_come|go_in/_/H1409=גָּד=fortune
)




*** AION: WARN!	FIX_REF	Hebrew	ref='Deu.22.26-16q'	word=''	morph=''	strongs='-'	empty 1st part morph=
Array
(
    [REF] => Deu.22.26-16q
    [ACCENTS] => 
    [MORPH] => 
    [STRONGS] => -
)




*** AION: WARN! FIX_REF	Hebrew	ref='Deu.33.2-15q'	word='אֵ֥שׁ/ /דָּ֖ת'	morph='HNcbsc//Ncbsa'	strongs='H784=אֵשׁ=fire/_/H1881=דָּת=law' Divided word found in 'Q' entry will be challenge to display!
Array
(
    [REF] => Deu.33.2-15q
    [ACCENTS] => אֵ֥שׁ/ /דָּ֖ת
    [MORPH] => HNcbsc//Ncbsa
    [STRONGS] => H784=אֵשׁ=fire/_/H1881=דָּת=law
)




*** AION: WARN!	FIX_REF	Hebrew	ref='Jdg.16.25-02q'	word=''	morph=''	strongs='-'	empty 1st part morph=
Array
(
    [REF] => Jdg.16.25-02q
    [ACCENTS] => 
    [MORPH] => 
    [STRONGS] => -
)




*** AION: WARN! FIX_REF	Hebrew	ref='Jdg.20.13-14q'	word='אָבוּ֙/ /בְּנֵ֣י'	morph='HVqp3cp//Ncmpc'	strongs='H14=אָבָה=be willing/_/H1121a=בֵּן=son§3_people|men|nation|tribe' Divided word found in 'Q' entry will be challenge to display!
Array
(
    [REF] => Jdg.20.13-14q
    [ACCENTS] => אָבוּ֙/ /בְּנֵ֣י
    [MORPH] => HVqp3cp//Ncmpc
    [STRONGS] => H14=אָבָה=be willing/_/H1121a=בֵּן=son§3_people|men|nation|tribe
)




*** AION: WARN! FIX_REF	Hebrew	ref='Rut.3.5-05q'	word='תֹּאמְרִ֥י/ /אֵלַ֖/י'	morph='HVqi2fs//Rd/Sp1bs'	strongs='H559=אָמַר=to say/_/H413=אֶל=to(wards)/H9030=Os1c=me' Divided word found in 'Q' entry will be challenge to display!
Array
(
    [REF] => Rut.3.5-05q
    [ACCENTS] => תֹּאמְרִ֥י/ /אֵלַ֖/י
    [MORPH] => HVqi2fs//Rd/Sp1bs
    [STRONGS] => H559=אָמַר=to say/_/H413=אֶל=to(wards)/H9030=Os1c=me
)




*** AION: WARN!	FIX_REF	Hebrew	ref='Rut.3.12-05q'	word=''	morph=''	strongs='-'	empty 1st part morph=
Array
(
    [REF] => Rut.3.12-05q
    [ACCENTS] => 
    [MORPH] => 
    [STRONGS] => -
)




*** AION: WARN! FIX_REF	Hebrew	ref='Rut.3.17-08q'	word='אָמַ֣ר/ /אֵלַ֔/י'	morph='HVqp3ms//Rd/Sp1bs'	strongs='H559=אָמַר=to say/_/H413=אֶל=to(wards)/H9030=Os1c=me' Divided word found in 'Q' entry will be challenge to display!
Array
(
    [REF] => Rut.3.17-08q
    [ACCENTS] => אָמַ֣ר/ /אֵלַ֔/י
    [MORPH] => HVqp3ms//Rd/Sp1bs
    [STRONGS] => H559=אָמַר=to say/_/H413=אֶל=to(wards)/H9030=Os1c=me
)




*** AION: WARN!	FIX_REF	Hebrew	ref='1Sa.9.1-04q'	word=''	morph=''	strongs='-'	empty 1st part morph=
Array
(
    [REF] => 1Sa.9.1-04q
    [ACCENTS] => 
    [MORPH] => 
    [STRONGS] => -
)




*** AION: WARN!	FIX_REF	Hebrew	ref='1Sa.24.8-06q'	word=''	morph=''	strongs='-'	empty 1st part morph=
Array
(
    [REF] => 1Sa.24.8-06q
    [ACCENTS] => 
    [MORPH] => 
    [STRONGS] => -
)




*** AION: WARN!	FIX_REF	Hebrew	ref='2Sa.13.33-15q'	word=''	morph=''	strongs='-'	empty 1st part morph=
Array
(
    [REF] => 2Sa.13.33-15q
    [ACCENTS] => 
    [MORPH] => 
    [STRONGS] => -
)




*** AION: WARN!	FIX_REF	Hebrew	ref='2Ki.5.18-23q'	word=''	morph=''	strongs='-'	empty 1st part morph=
Array
(
    [REF] => 2Ki.5.18-23q
    [ACCENTS] => 
    [MORPH] => 
    [STRONGS] => -
)




*** AION: WARN! FIX_REF	Hebrew	ref='2Ki.18.27-25q'	word='מימֵ֥י/ /רַגְלֵי/הֶ֖ם'	morph='HNcmpc//Ncbdc/Sp3mp'	strongs='H4325=מַי=water_§_water/_/H7272=רֶ֫גֶל=foot/H9028=Pp3m=their' Divided word found in 'Q' entry will be challenge to display!
Array
(
    [REF] => 2Ki.18.27-25q
    [ACCENTS] => מימֵ֥י/ /רַגְלֵי/הֶ֖ם
    [MORPH] => HNcmpc//Ncbdc/Sp3mp
    [STRONGS] => H4325=מַי=water_§_water/_/H7272=רֶ֫גֶל=foot/H9028=Pp3m=their
)




*** AION: WARN! FIX_REF	Hebrew	ref='2Ki.19.31-09q'	word='יְהוָ֥ה/ /צְבָא֖וֹת'	morph='HNpt//Ncfpa'	strongs='H3068=יהוה=YHWH|Yahweh_§LORD|God@Gen.1.1/_/H6635b=צָבָא=Hosts' Divided word found in 'Q' entry will be challenge to display!
Array
(
    [REF] => 2Ki.19.31-09q
    [ACCENTS] => יְהוָ֥ה/ /צְבָא֖וֹת
    [MORPH] => HNpt//Ncfpa
    [STRONGS] => H3068=יהוה=YHWH|Yahweh_§LORD|God@Gen.1.1/_/H6635b=צָבָא=Hosts
)




*** AION: WARN! FIX_REF	Hebrew	ref='2Ki.19.37-08q'	word='וְ/שַׂרְאֶ֤צֶר/ /בָּנָי/ו֙'	morph='HC/Npm//Ncmpc/Sp3ms'	strongs='H9002=ו=and/H8272=שַׁרְאֶ֫צֶר=Sharezer_§Sharezer@2Ki.19.37/_/H1121a=בֵּן=son_§1_child|son/H9023=Ps3m=his' Divided word found in 'Q' entry will be challenge to display!
Array
(
    [REF] => 2Ki.19.37-08q
    [ACCENTS] => וְ/שַׂרְאֶ֤צֶר/ /בָּנָי/ו֙
    [MORPH] => HC/Npm//Ncmpc/Sp3ms
    [STRONGS] => H9002=ו=and/H8272=שַׁרְאֶ֫צֶר=Sharezer_§Sharezer@2Ki.19.37/_/H1121a=בֵּן=son_§1_child|son/H9023=Ps3m=his
)




*** AION: WARN! FIX_REF	Hebrew	ref='1Ch.9.4-09q'	word='בָּנִ֔י/ /מִן'	morph='HNpm//R'	strongs='H1137=בָּנִי=Bani_§Bani@1Ch.9.4/_/H4480a=מִן־=from' Divided word found in 'Q' entry will be challenge to display!
Array
(
    [REF] => 1Ch.9.4-09q
    [ACCENTS] => בָּנִ֔י/ /מִן
    [MORPH] => HNpm//R
    [STRONGS] => H1137=בָּנִי=Bani_§Bani@1Ch.9.4/_/H4480a=מִן־=from
)




*** AION: WARN! FIX_REF	Hebrew	ref='1Ch.27.12-06q'	word='לַ/בֵּ֣ן/׀/ /יְמִינִ֑י'	morph='HRd/Ncbsa//Ngbsa'	strongs='H9005=ל=to/H1121a=בֵּן=son/H9015=׀=separate/ /H1144«H3227b=יְמִינִי=Jaminite' Divided word found in 'Q' entry will be challenge to display!
Array
(
    [REF] => 1Ch.27.12-06q
    [ACCENTS] => לַ/בֵּ֣ן/׀/ /יְמִינִ֑י
    [MORPH] => HRd/Ncbsa//Ngbsa
    [STRONGS] => H9005=ל=to/H1121a=בֵּן=son/H9015=׀=separate/ /H1144«H3227b=יְמִינִי=Jaminite
)




*** AION: WARN!	FIX_REF	Hebrew	ref='2Ch.34.6-07q'	word=''	morph=''	strongs='-'	empty 1st part morph=
Array
(
    [REF] => 2Ch.34.6-07q
    [ACCENTS] => 
    [MORPH] => 
    [STRONGS] => -
)




*** AION: WARN! FIX_REF	Hebrew	ref='Neh.2.13-17q'	word='הֵ֣ם/׀/ /פְּרוּצִ֔ים'	morph='HPp3mp//Vqsmpa'	strongs='H1992=הֵ֫מָּה=they(masc.)/H9015=׀=separate/_/H6555=פָּרַץ=to break through' Divided word found in 'Q' entry will be challenge to display!
Array
(
    [REF] => Neh.2.13-17q
    [ACCENTS] => הֵ֣ם/׀/ /פְּרוּצִ֔ים
    [MORPH] => HPp3mp//Vqsmpa
    [STRONGS] => H1992=הֵ֫מָּה=they(masc.)/H9015=׀=separate/_/H6555=פָּרַץ=to break through
)




*** AION: WARN! FIX_REF	Hebrew	ref='Psa.10.10-05q'	word='חֵ֣יל/ /כָּאִֽים/׃'	morph='HNcbsc//Ncmpa'	strongs='H2426=חֵל=guard/_/H3512b=כָּאֶה=disheartened/H9016=׃=verseEnd' Divided word found in 'Q' entry will be challenge to display!
Array
(
    [REF] => Psa.10.10-05q
    [ACCENTS] => חֵ֣יל/ /כָּאִֽים/׃
    [MORPH] => HNcbsc//Ncmpa
    [STRONGS] => H2426=חֵל=guard/_/H3512b=כָּאֶה=disheartened/H9016=׃=verseEnd
)




*** AION: WARN! FIX_REF	Hebrew	ref='Psa.55.15-01q'	word='יַשִּׁ֤י/ /מָ֨וֶת/׀'	morph='HVhi3ms//Ncbsa'	strongs='H5377=נָשָׁא=to deceive/_/H4194=מָ֫וֶת=death/H9015=׀=separate' Divided word found in 'Q' entry will be challenge to display!
Array
(
    [REF] => Psa.55.15-01q
    [ACCENTS] => יַשִּׁ֤י/ /מָ֨וֶת/׀
    [MORPH] => HVhi3ms//Ncbsa
    [STRONGS] => H5377=נָשָׁא=to deceive/_/H4194=מָ֫וֶת=death/H9015=׀=separate
)




*** AION: WARN! FIX_REF	Hebrew	ref='Psa.123.4-08q'	word='לִ/גְאֵי/ /יוֹנִים/׃'	morph='HR/Aampc//Vqrmpa'	strongs='H9005=ל=to/H1343=גֵּאֶה=proud/_/H3238=יָנָה=to oppress/H9016=׃=verseEnd' Divided word found in 'Q' entry will be challenge to display!
Array
(
    [REF] => Psa.123.4-08q
    [ACCENTS] => לִ/גְאֵי/ /יוֹנִים/׃
    [MORPH] => HR/Aampc//Vqrmpa
    [STRONGS] => H9005=ל=to/H1343=גֵּאֶה=proud/_/H3238=יָנָה=to oppress/H9016=׃=verseEnd
)




*** AION: WARN! FIX_REF	Hebrew	ref='Isa.36.12-24q'	word='מֵימֵ֥י/ /רַגְלֵי/הֶ֖ם'	morph='HNcmpc//Ncbdc/Sp3mp'	strongs='H4325=מַי=water_§_water/_/H7272=רֶ֫גֶל=foot/H9028=Pp3m=their' Divided word found in 'Q' entry will be challenge to display!
Array
(
    [REF] => Isa.36.12-24q
    [ACCENTS] => מֵימֵ֥י/ /רַגְלֵי/הֶ֖ם
    [MORPH] => HNcmpc//Ncbdc/Sp3mp
    [STRONGS] => H4325=מַי=water_§_water/_/H7272=רֶ֫גֶל=foot/H9028=Pp3m=their
)




*** AION: WARN!	FIX_REF	Hebrew	ref='Isa.44.24-16q'	word=''	morph=''	strongs='-'	empty 1st part morph=
Array
(
    [REF] => Isa.44.24-16q
    [ACCENTS] => 
    [MORPH] => 
    [STRONGS] => -
)




*** AION: WARN! FIX_REF	Hebrew	ref='Jer.6.29-03q'	word='מֵ/אֵ֖שׁ/ /תַּ֣ם'	morph='HR/Ncbsa//Aabsa'	strongs='H9006=מ=from/H784=אֵשׁ=fire/_/H8535=תָּם=complete' Divided word found in 'Q' entry will be challenge to display!
Array
(
    [REF] => Jer.6.29-03q
    [ACCENTS] => מֵ/אֵ֖שׁ/ /תַּ֣ם
    [MORPH] => HR/Ncbsa//Aabsa
    [STRONGS] => H9006=מ=from/H784=אֵשׁ=fire/_/H8535=תָּם=complete
)




*** AION: WARN! FIX_REF	Hebrew	ref='Jer.31.38-02q'	word='יָמִ֥ים/ /בָּאִ֖ים'	morph='HNcmpa//Vqrmpa'	strongs='H3117=יוֹם=day_§2_when|time|(period|life)[of_days]/_/H935=בּוֹא=to come (in)_§1_come|go_in' Divided word found in 'Q' entry will be challenge to display!
Array
(
    [REF] => Jer.31.38-02q
    [ACCENTS] => יָמִ֥ים/ /בָּאִ֖ים
    [MORPH] => HNcmpa//Vqrmpa
    [STRONGS] => H3117=יוֹם=day_§2_when|time|(period|life)[of_days]/_/H935=בּוֹא=to come (in)_§1_come|go_in
)




*** AION: WARN!	FIX_REF	Hebrew	ref='Jer.38.16-10q'	word=''	morph=''	strongs='-'	empty 1st part morph=
Array
(
    [REF] => Jer.38.16-10q
    [ACCENTS] => 
    [MORPH] => 
    [STRONGS] => -
)




*** AION: WARN!	FIX_REF	Hebrew	ref='Jer.39.12-11q'	word=''	morph=''	strongs='-'	empty 1st part morph=
Array
(
    [REF] => Jer.39.12-11q
    [ACCENTS] => 
    [MORPH] => 
    [STRONGS] => -
)




*** AION: WARN!	FIX_REF	Hebrew	ref='Jer.51.3-03q'	word=''	morph=''	strongs='-'	empty 1st part morph=
Array
(
    [REF] => Jer.51.3-03q
    [ACCENTS] => 
    [MORPH] => 
    [STRONGS] => -
)




*** AION: WARN!	FIX_REF	Hebrew	ref='Lam.1.6-02q'	word=''	morph=''	strongs='-'	empty 1st part morph=
Array
(
    [REF] => Lam.1.6-02q
    [ACCENTS] => 
    [MORPH] => 
    [STRONGS] => -
)




*** AION: WARN!	FIX_REF	Hebrew	ref='Lam.4.3-10q'	word=''	morph=''	strongs='-'	empty 1st part morph=
Array
(
    [REF] => Lam.4.3-10q
    [ACCENTS] => 
    [MORPH] => 
    [STRONGS] => -
)




*** AION: WARN! FIX_REF	Hebrew	ref='Ezk.9.11-12q'	word='כְּ/כֹ֖ל/ /אֲשֶׁ֥ר'	morph='HR/Ncbsa//Tr'	strongs='H9004=כ=like/H3605=כֹּל=all/_/H834a=אֲשֶׁר=which' Divided word found in 'Q' entry will be challenge to display!
Array
(
    [REF] => Ezk.9.11-12q
    [ACCENTS] => כְּ/כֹ֖ל/ /אֲשֶׁ֥ר
    [MORPH] => HR/Ncbsa//Tr
    [STRONGS] => H9004=כ=like/H3605=כֹּל=all/_/H834a=אֲשֶׁר=which
)




*** AION: WARN!	FIX_REF	Hebrew	ref='Ezk.48.16-12q'	word=''	morph=''	strongs='-'	empty 1st part morph=
Array
(
    [REF] => Ezk.48.16-12q
    [ACCENTS] => 
    [MORPH] => 
    [STRONGS] => -
)




*** AION: EXCELLENT! ALL REFERENCES ACCOUNTED

*** AION: HEBREW ./aion_strongs/Hebrew_Tagged_Text.txt ROWS=542652
*** AION: HEBREW ./aion_strongs/Hebrew_Tagged_Text_Count.json
*** AION: HEBREW ./aion_strongs/Hebrew_Chapter_Usage.txt
*** AION: HEBREW ./aion_strongs/Hebrew_Lexicon_Tyndale_Index.json
*** AION: SUCCESS! COD(./aion_strongs/TEGMC - Tyndale Expansion of Greek Morphhology Codes - STEPBible.org CC BY.txt) lines=8013 array=1577
*** AION: SUCCESS! GET	./aion_strongs/TBESG - Tyndale Brief lexicon of Extended Strongs for Greek - STEPBible.org CC BY.txt lines=10715 array=10714
*** AION: SUCCESS! GET	./aion_strongs/TFLSJ - Tyndale Formatted full LSJ Bible lexicon 0-5624 - STEPBible.org CC BY.txt lines=5524 array=5523
*** AION: SUCCESS! GET	./aion_strongs/TFLSJ - Tyndale Formatted full LSJ Bible lexicon extra - STEPBible.org CC BY.txt lines=5192 array=10714
*** AION: SUCCESS! GET	./aion_strongs/TAGNT Mat-Jhn - Translators Amalgamated Greek NT - STEPBible.org CC-BY.txt lines=109443 array=74483
*** AION: SUCCESS! GET	./aion_strongs/TAGNT Act-Rev - Translators Amalgamated Greek NT - STEPBible.org CC-BY.txt lines=122617 array=83462
*** AION: GREEK ./aion_strongs/Greek_Morphhology.json ROWS=1577
*** AION: GREEK ./aion_strongs/Greek_Lexicon_Tyndale.txt ROWS=10714
*** AION: GREEK ./aion_strongs/Greek_Lexicon_LSJ.txt ROWS=10714
*** AION: EXCELLENT! ALL REFERENCES ACCOUNTED

*** AION: GREEK ./aion_strongs/Greek_Tagged_Text.txt ROWS=142282
*** AION: GREEK ./aion_strongs/Greek_Tagged_Text_Count.json
*** AION: GREEK ./aion_strongs/Greek_Chapter_Usage.txt
*** AION: GREEK ./aion_strongs/Greek_Lexicon_Tyndale_Index.json
*** AION: GREEK ./aion_strongs/Greek_Lexicon_LSJ_Index.json
*** AION: CHECK ./aion_strongs/CHECK_BOOKS.txt ROWS=69
*** AION: CHECK ./aion_strongs/CHECK_MORPHS.txt ROWS=19
*** AION: CHECK ./aion_strongs/CHECK_MISSING.txt ROWS=4
*** AION: CHECK ./aion_strongs/CHECK_STRONGS.txt ROWS=4
*** AION: CHECK ./aion_strongs/CHECK_VARIANT.txt ROWS=4
*** AION: CHECK ./aion_strongs/CHECK_FIXED.txt ROWS=112
*** AION: CHECK ./aion_strongs/CHECK_REFERENCES.txt ROWS=3
*** AION: CHECK ./aion_strongs/CHECK_WARNINGS.txt ROWS=201
*** AION: HEBREW ./aion_strongs/Hebrew_Chapter_Usage
*** AION: COPIED TO STAGE
*** AION: END!




Textual hygiene change counts
===




FIX	./aion_strongs/TBESH - Tyndale Brief lexicon of Extended Strongs for Hebrew - STEPBible.org CC BY.txt	#(<ref[^>]*>|</ref>)#usi	ref=106
FIX	./aion_strongs/TBESH - Tyndale Brief lexicon of Extended Strongs for Hebrew - STEPBible.org CC BY.txt	#(<br[ /]*>|<lb[ /]*>)#usi	breaks=25056
FIX	./aion_strongs/TBESH - Tyndale Brief lexicon of Extended Strongs for Hebrew - STEPBible.org CC BY.txt	#(H|G)[0]+([1-9]+[0-9]*)#usi	numbno=1096
FIX	./aion_strongs/TBESH - Tyndale Brief lexicon of Extended Strongs for Hebrew - STEPBible.org CC BY.txt	#<->#usi	tags=1
FIX	./aion_strongs/TBESH - Tyndale Brief lexicon of Extended Strongs for Hebrew - STEPBible.org CC BY.txt	#[([]+[ [:punct:]]*[)\]]+#usi	bracket=19
FIX	./aion_strongs/TBESH - Tyndale Brief lexicon of Extended Strongs for Hebrew - STEPBible.org CC BY.txt	#[ ]*[ \-—,:;?!.]+[ ]*([,.:;!?]{1})#usi	punct=112
FIX	./aion_strongs/TBESH - Tyndale Brief lexicon of Extended Strongs for Hebrew - STEPBible.org CC BY.txt	#([([]+)[ ]+#usi	space-bracket=41
FIX	./aion_strongs/TBESH - Tyndale Brief lexicon of Extended Strongs for Hebrew - STEPBible.org CC BY.txt	#[ ]+([)\]]+)#usi	space-bracket=23
FIX	./aion_strongs/TBESH - Tyndale Brief lexicon of Extended Strongs for Hebrew - STEPBible.org CC BY.txt	#[ ]+#usi	spaces=158768
FIX2	./aion_strongs/TBESH - Tyndale Brief lexicon of Extended Strongs for Hebrew - STEPBible.org CC BY.txt removed Hebrew '1)' times=8240



FIX	./aion_strongs/TOTHT - Tyndale OT Hebrew Tagged text Gen-Deu - TyndaleHouse.com STEPBible.org CC BY-NC.txt	#(H|G)[0]+([1-9]+[0-9]*)#usi	numbno=20770
FIX	./aion_strongs/TOTHT - Tyndale OT Hebrew Tagged text Gen-Deu - TyndaleHouse.com STEPBible.org CC BY-NC.txt	#[ ]+#usi	spaces=21059



FIX	./aion_strongs/TOTHT - Tyndale OT Hebrew Tagged text Jos-Est - TyndaleHouse.com STEPBible.org CC BY-NC.txt	#(H|G)[0]+([1-9]+[0-9]*)#usi	numbno=25046
FIX	./aion_strongs/TOTHT - Tyndale OT Hebrew Tagged text Jos-Est - TyndaleHouse.com STEPBible.org CC BY-NC.txt	#[ ]+#usi	spaces=27908



FIX	./aion_strongs/TOTHT - Tyndale OT Hebrew Tagged text Job-Sng - TyndaleHouse.com STEPBible.org CC BY-NC.txt	#(H|G)[0]+([1-9]+[0-9]*)#usi	numbno=6604
FIX	./aion_strongs/TOTHT - Tyndale OT Hebrew Tagged text Job-Sng - TyndaleHouse.com STEPBible.org CC BY-NC.txt	#[ ]+#usi	spaces=12371



FIX	./aion_strongs/TOTHT - Tyndale OT Hebrew Tagged text Isa-Mal - TyndaleHouse.com STEPBible.org CC BY-NC.txt	#(H|G)[0]+([1-9]+[0-9]*)#usi	numbno=16960
FIX	./aion_strongs/TOTHT - Tyndale OT Hebrew Tagged text Isa-Mal - TyndaleHouse.com STEPBible.org CC BY-NC.txt	#_[_]+#usi	unders=1
FIX	./aion_strongs/TOTHT - Tyndale OT Hebrew Tagged text Isa-Mal - TyndaleHouse.com STEPBible.org CC BY-NC.txt	#[ ]+#usi	spaces=23411



FIX	./aion_strongs/TBESG - Tyndale Brief lexicon of Extended Strongs for Greek - STEPBible.org CC BY.txt	#(<b>|</b>|<i>|</i>|<u>|</u>)#usi	format=59982
FIX	./aion_strongs/TBESG - Tyndale Brief lexicon of Extended Strongs for Greek - STEPBible.org CC BY.txt	#(<greek>|</greek>)#usi	greek=18
FIX	./aion_strongs/TBESG - Tyndale Brief lexicon of Extended Strongs for Greek - STEPBible.org CC BY.txt	#(<note>|</note>)#usi	note=16
FIX	./aion_strongs/TBESG - Tyndale Brief lexicon of Extended Strongs for Greek - STEPBible.org CC BY.txt	#(<author>|</author>)#usi	author=544
FIX	./aion_strongs/TBESG - Tyndale Brief lexicon of Extended Strongs for Greek - STEPBible.org CC BY.txt	#(<date>|</date>)#usi	date=516
FIX	./aion_strongs/TBESG - Tyndale Brief lexicon of Extended Strongs for Greek - STEPBible.org CC BY.txt	#(<corr>|</corr>)#usi	corr=2
FIX	./aion_strongs/TBESG - Tyndale Brief lexicon of Extended Strongs for Greek - STEPBible.org CC BY.txt	#(<def>|</def>)#usi	def=4
FIX	./aion_strongs/TBESG - Tyndale Brief lexicon of Extended Strongs for Greek - STEPBible.org CC BY.txt	#<re>(.+?)</re>#usi	<re>=397
FIX	./aion_strongs/TBESG - Tyndale Brief lexicon of Extended Strongs for Greek - STEPBible.org CC BY.txt	#(<ref[^>]*>|</ref>)#usi	ref=76451
FIX	./aion_strongs/TBESG - Tyndale Brief lexicon of Extended Strongs for Greek - STEPBible.org CC BY.txt	#<a href(.+?)</a>#usi	ahrefs=3762
FIX	./aion_strongs/TBESG - Tyndale Brief lexicon of Extended Strongs for Greek - STEPBible.org CC BY.txt	#(<br[ /]*>|<lb[ /]*>)#usi	breaks=23409
FIX	./aion_strongs/TBESG - Tyndale Brief lexicon of Extended Strongs for Greek - STEPBible.org CC BY.txt	#(H|G)[0]+([1-9]+[0-9]*)#usi	numbno=1000
FIX	./aion_strongs/TBESG - Tyndale Brief lexicon of Extended Strongs for Greek - STEPBible.org CC BY.txt	#(†)#usi	cross=5138
FIX	./aion_strongs/TBESG - Tyndale Brief lexicon of Extended Strongs for Greek - STEPBible.org CC BY.txt	# __([0-9]+)\. #usi	underN=3742
FIX	./aion_strongs/TBESG - Tyndale Brief lexicon of Extended Strongs for Greek - STEPBible.org CC BY.txt	#_[_]+#usi	unders=1940
FIX	./aion_strongs/TBESG - Tyndale Brief lexicon of Extended Strongs for Greek - STEPBible.org CC BY.txt	#[([]+[ [:punct:]]*[)\]]+#usi	bracket=3173
FIX	./aion_strongs/TBESG - Tyndale Brief lexicon of Extended Strongs for Greek - STEPBible.org CC BY.txt	#[ ]*[ \-—,:;?!.]+[ ]*([,.:;!?]{1})#usi	punct=63228
FIX	./aion_strongs/TBESG - Tyndale Brief lexicon of Extended Strongs for Greek - STEPBible.org CC BY.txt	#([([]+)[ ]+#usi	space-bracket=859
FIX	./aion_strongs/TBESG - Tyndale Brief lexicon of Extended Strongs for Greek - STEPBible.org CC BY.txt	#[ ]+([)\]]+)#usi	space-bracket=879
FIX	./aion_strongs/TBESG - Tyndale Brief lexicon of Extended Strongs for Greek - STEPBible.org CC BY.txt	#[ ]+#usi	spaces=330758



FIX	./aion_strongs/TFLSJ - Tyndale Formatted full LSJ Bible lexicon 0-5624 - STEPBible.org CC BY.txt	#(<b>|</b>|<i>|</i>|<u>|</u>)#usi	format=258580
FIX	./aion_strongs/TFLSJ - Tyndale Formatted full LSJ Bible lexicon 0-5624 - STEPBible.org CC BY.txt	#(<author>|</author>)#usi	author=6
FIX	./aion_strongs/TFLSJ - Tyndale Formatted full LSJ Bible lexicon 0-5624 - STEPBible.org CC BY.txt	#(<date>|</date>)#usi	date=6
FIX	./aion_strongs/TFLSJ - Tyndale Formatted full LSJ Bible lexicon 0-5624 - STEPBible.org CC BY.txt	#(<ref[^>]*>|</ref>)#usi	ref=2132
FIX	./aion_strongs/TFLSJ - Tyndale Formatted full LSJ Bible lexicon 0-5624 - STEPBible.org CC BY.txt	#(<span [^>]*>|</span>)#usi	span=2
FIX	./aion_strongs/TFLSJ - Tyndale Formatted full LSJ Bible lexicon 0-5624 - STEPBible.org CC BY.txt	#<a href(.+?)</a>#usi	ahrefs=84568
FIX	./aion_strongs/TFLSJ - Tyndale Formatted full LSJ Bible lexicon 0-5624 - STEPBible.org CC BY.txt	#<Level[0-9]{1}>#usi	level#=23355
FIX	./aion_strongs/TFLSJ - Tyndale Formatted full LSJ Bible lexicon 0-5624 - STEPBible.org CC BY.txt	#</Level[0-9]{1}>#usi	level/=23345
FIX	./aion_strongs/TFLSJ - Tyndale Formatted full LSJ Bible lexicon 0-5624 - STEPBible.org CC BY.txt	#(<br[ /]*>|<lb[ /]*>)#usi	breaks=29566
FIX	./aion_strongs/TFLSJ - Tyndale Formatted full LSJ Bible lexicon 0-5624 - STEPBible.org CC BY.txt	#&nbsp;#usi	nbsp=4
FIX	./aion_strongs/TFLSJ - Tyndale Formatted full LSJ Bible lexicon 0-5624 - STEPBible.org CC BY.txt	#(H|G)[0]+([1-9]+[0-9]*)#usi	numbno=1003
FIX	./aion_strongs/TFLSJ - Tyndale Formatted full LSJ Bible lexicon 0-5624 - STEPBible.org CC BY.txt	#(†)#usi	cross=436
FIX	./aion_strongs/TFLSJ - Tyndale Formatted full LSJ Bible lexicon 0-5624 - STEPBible.org CC BY.txt	# __([0-9]+)\. #usi	underN=112
FIX	./aion_strongs/TFLSJ - Tyndale Formatted full LSJ Bible lexicon 0-5624 - STEPBible.org CC BY.txt	#_[_]+#usi	unders=23356
FIX	./aion_strongs/TFLSJ - Tyndale Formatted full LSJ Bible lexicon 0-5624 - STEPBible.org CC BY.txt	#[([]+[ [:punct:]]*[)\]]+#usi	bracket=84559
FIX	./aion_strongs/TFLSJ - Tyndale Formatted full LSJ Bible lexicon 0-5624 - STEPBible.org CC BY.txt	#[ ]*[ \-—,:;?!.]+[ ]*([,.:;!?]{1})#usi	punct=93378
FIX	./aion_strongs/TFLSJ - Tyndale Formatted full LSJ Bible lexicon 0-5624 - STEPBible.org CC BY.txt	#([([]+)[ ]+#usi	space-bracket=694
FIX	./aion_strongs/TFLSJ - Tyndale Formatted full LSJ Bible lexicon 0-5624 - STEPBible.org CC BY.txt	#[ ]+([)\]]+)#usi	space-bracket=24239
FIX	./aion_strongs/TFLSJ - Tyndale Formatted full LSJ Bible lexicon 0-5624 - STEPBible.org CC BY.txt	#[ ]+#usi	spaces=653333



FIX	./aion_strongs/TFLSJ - Tyndale Formatted full LSJ Bible lexicon extra - STEPBible.org CC BY.txt	#(<b>|</b>|<i>|</i>|<u>|</u>)#usi	format=104078
FIX	./aion_strongs/TFLSJ - Tyndale Formatted full LSJ Bible lexicon extra - STEPBible.org CC BY.txt	#(<ref[^>]*>|</ref>)#usi	ref=12
FIX	./aion_strongs/TFLSJ - Tyndale Formatted full LSJ Bible lexicon extra - STEPBible.org CC BY.txt	#<a href(.+?)</a>#usi	ahrefs=32489
FIX	./aion_strongs/TFLSJ - Tyndale Formatted full LSJ Bible lexicon extra - STEPBible.org CC BY.txt	#<Level[0-9]{1}>#usi	level#=8865
FIX	./aion_strongs/TFLSJ - Tyndale Formatted full LSJ Bible lexicon extra - STEPBible.org CC BY.txt	#</Level[0-9]{1}>#usi	level/=8864
FIX	./aion_strongs/TFLSJ - Tyndale Formatted full LSJ Bible lexicon extra - STEPBible.org CC BY.txt	#(<br[ /]*>|<lb[ /]*>)#usi	breaks=13961
FIX	./aion_strongs/TFLSJ - Tyndale Formatted full LSJ Bible lexicon extra - STEPBible.org CC BY.txt	#&nbsp;#usi	nbsp=20
FIX	./aion_strongs/TFLSJ - Tyndale Formatted full LSJ Bible lexicon extra - STEPBible.org CC BY.txt	#(H|G)[0]+([1-9]+[0-9]*)#usi	numbno=21
FIX	./aion_strongs/TFLSJ - Tyndale Formatted full LSJ Bible lexicon extra - STEPBible.org CC BY.txt	#(†)#usi	cross=4
FIX	./aion_strongs/TFLSJ - Tyndale Formatted full LSJ Bible lexicon extra - STEPBible.org CC BY.txt	#_[_]+#usi	unders=8864
FIX	./aion_strongs/TFLSJ - Tyndale Formatted full LSJ Bible lexicon extra - STEPBible.org CC BY.txt	#[([]+[ [:punct:]]*[)\]]+#usi	bracket=32502
FIX	./aion_strongs/TFLSJ - Tyndale Formatted full LSJ Bible lexicon extra - STEPBible.org CC BY.txt	#[ ]*[ \-—,:;?!.]+[ ]*([,.:;!?]{1})#usi	punct=36329
FIX	./aion_strongs/TFLSJ - Tyndale Formatted full LSJ Bible lexicon extra - STEPBible.org CC BY.txt	#([([]+)[ ]+#usi	space-bracket=231
FIX	./aion_strongs/TFLSJ - Tyndale Formatted full LSJ Bible lexicon extra - STEPBible.org CC BY.txt	#[ ]+([)\]]+)#usi	space-bracket=9126
FIX	./aion_strongs/TFLSJ - Tyndale Formatted full LSJ Bible lexicon extra - STEPBible.org CC BY.txt	#[ ]+#usi	spaces=230828



FIX	./aion_strongs/TAGNT Mat-Jhn - Translators Amalgamated Greek NT - STEPBible.org CC-BY.txt	#(H|G)[0]+([1-9]+[0-9]*)#usi	numbno=21995
FIX	./aion_strongs/TAGNT Mat-Jhn - Translators Amalgamated Greek NT - STEPBible.org CC-BY.txt	#[ ]*[ \-—,:;?!.]+[ ]*([,.:;!?]{1})#usi	punct=4832
FIX	./aion_strongs/TAGNT Mat-Jhn - Translators Amalgamated Greek NT - STEPBible.org CC-BY.txt	#[ ]+#usi	spaces=432465



FIX	./aion_strongs/TAGNT Act-Rev - Translators Amalgamated Greek NT - STEPBible.org CC-BY.txt	#(H|G)[0]+([1-9]+[0-9]*)#usi	numbno=20958
FIX	./aion_strongs/TAGNT Act-Rev - Translators Amalgamated Greek NT - STEPBible.org CC-BY.txt	#[ ]*[ \-—,:;?!.]+[ ]*([,.:;!?]{1})#usi	punct=4988
FIX	./aion_strongs/TAGNT Act-Rev - Translators Amalgamated Greek NT - STEPBible.org CC-BY.txt	#[ ]+#usi	spaces=477938
