https://ebible.org/details.php?id=amo
Timap (Amo)


https://ebible.org/details.php?id=arbnav
العربية (Arabic, Standard)


https://ebible.org/details.php?id=asmfb
অসমীয়া (Assamese)


https://ebible.org/details.php?id=bsj
Bangunji (Bangwinji)


https://ebible.org/details.php?id=beo
Bedamuni (Beami)


https://ebible.org/details.php?id=ben2017
বাংলা (Bengali)


https://ebible.org/details.php?id=cebulb
Cebuano


https://ebible.org/details.php?id=hltthb
Tuivang (Chin, Matu)


https://ebible.org/details.php?id=csy
Siyin Chin (Chin, Siyin)


https://ebible.org/details.php?id=tczchongthu
Chongthu (Chin, Thado)


https://ebible.org/details.php?id=cth
Thai Phum (Chin, Thaiphum)


https://ebible.org/details.php?id=row
Rote Dela (Dela-Oenale)


https://ebible.org/details.php?id=dji
Djinang


https://ebible.org/details.php?id=dov
Toka-Leya-Dombe (Dombe)


https://ebible.org/details.php?id=engf35
English


https://ebible.org/details.php?id=engourb
English


https://ebible.org/details.php?id=eng-t4t
English


https://ebible.org/details.php?id=engULB
English


https://ebible.org/details.php?id=gux
Gourma (Gourmanchéma)


https://ebible.org/details.php?id=guxg
Gourmantche (Gourmanchéma)


https://ebible.org/details.php?id=guj2017
ગુજરાતી (Gujarati)


https://ebible.org/details.php?id=hauulb
Hausa


https://ebible.org/details.php?id=hin2017
हिन्दी भाषा (Hindi)


https://ebible.org/details.php?id=iloulb
Ilocano


https://ebible.org/details.php?id=isn
Kiisanzu (Isanzu)


https://ebible.org/details.php?id=jni
Ajanji (Janji)


https://ebible.org/details.php?id=kan2017
ಕನ್ನಡ (Kannada)


https://ebible.org/details.php?id=reg
Kikara (Kara)


https://ebible.org/details.php?id=zgam
Mahanji (Kinga)


https://ebible.org/details.php?id=kiz
Kese (Kisi)


https://ebible.org/details.php?id=sbs
Chikuahane (Kuhane)


https://ebible.org/details.php?id=mal
മലയാളം (Malayalam)


https://ebible.org/details.php?id=mar
मराठी (Marathi)


https://ebible.org/details.php?id=mwe
Mwera


https://ebible.org/details.php?id=ndg
Kindengereko (Ndengereko)


https://ebible.org/details.php?id=npiulb
नेपाली (Nepali)


https://ebible.org/details.php?id=ory
ଓଡ଼ିଆ‎ (Oriya)


https://ebible.org/details.php?id=pan
ਪੰਜਾਬੀ (Panjabi, Eastern)


https://ebible.org/details.php?id=portft
portugues (Portuguese)


https://ebible.org/details.php?id=rmyArli
Arli (Romani, Vlax)


https://ebible.org/details.php?id=rmyChergash
Chergash (Romani, Vlax)


https://ebible.org/details.php?id=rmyGurbet
Gurbet (Romani, Vlax)


https://ebible.org/details.php?id=ronBayash
Bayash (Romanian)


https://ebible.org/details.php?id=ronludari
Ludari (Romanian)


https://ebible.org/details.php?id=sbk
Kisafwa (Safwa)


https://ebible.org/details.php?id=sankan
Saṃskṛtam


https://ebible.org/details.php?id=sankhm
Saṃskṛtam


https://ebible.org/details.php?id=sanmal
Saṃskṛtam


https://ebible.org/details.php?id=sanori
Saṃskṛtam


https://ebible.org/details.php?id=sanpun
Saṃskṛtam


https://ebible.org/details.php?id=sansin
Saṃskṛtam


https://ebible.org/details.php?id=santam
Saṃskṛtam


https://ebible.org/details.php?id=santel
Saṃskṛtam


https://ebible.org/details.php?id=santha
Saṃskṛtam


https://ebible.org/details.php?id=santib
Saṃskṛtam


https://ebible.org/details.php?id=sanurd
Saṃskṛtam


https://ebible.org/details.php?id=sanvel
Saṃskṛtam


https://ebible.org/details.php?id=sancol
Sanskrit


https://ebible.org/details.php?id=sanias
Sanskrit


https://ebible.org/details.php?id=sanbur
Sanskrit


https://ebible.org/details.php?id=sanasm
Sanskrit


https://ebible.org/details.php?id=sanben
Sanskrit


https://ebible.org/details.php?id=sandev
Sanskrit


https://ebible.org/details.php?id=sanguj
Sanskrit


https://ebible.org/details.php?id=sanhk
Sanskrit


https://ebible.org/details.php?id=saniso
Sanskrit


https://ebible.org/details.php?id=sanitr
Sanskrit


https://ebible.org/details.php?id=spabes
Español (Spanish)


https://ebible.org/details.php?id=swhulb
Kiswahili (Swahili)


https://ebible.org/details.php?id=tglulb
Tagalog


https://ebible.org/details.php?id=tam2017
தமிழ் (Tamil)


https://ebible.org/details.php?id=tel2017
తెలుగు (Telugu)


https://ebible.org/details.php?id=thd
Kuuk Thayorre (Thayore)


https://ebible.org/details.php?id=urd
उर्दू (Urdu)


https://ebible.org/details.php?id=uigara
Uyghur tili (Uyghur)


https://ebible.org/details.php?id=uigcyr
Uyghur tili (Uyghur)


https://ebible.org/details.php?id=uigpin
Uyghur tili (Uyghur)


https://ebible.org/details.php?id=uiglat
Uyghur tili (Uyghur)


https://ebible.org/details.php?id=wbi
Kivwanji (Vwanji)


https://ebible.org/details.php?id=yij
Yindjibarndi

